2014-10-03 13:54:08 512: DbAcl::check() - Failed ACO node lookup in permissions check. Node references:
Aro: Array
(
    [User] => Array
        (
            [id] => 24
            [username] => bc213316
            [firstname] => Jose
            [lastname] => Castillo
            [email] => JCastillo@bancaribe.com.ve
            [department] => Gerencia de Proyectos de Auditoria de Calidad IT
            [group_id] => 1
            [created] => 2014-01-31 23:06:30
            [modified] => 2014-10-03 11:25:53
            [employeeId] => 14
            [management] => Array
                (
                    [0] => 2
                )

            [role] => administrator
        )

)

Aco: controllers/Packages/setespecialist
2015-01-09 16:49:20 512: DbAcl::check() - Failed ACO node lookup in permissions check. Node references:
Aro: Array
(
    [User] => Array
        (
            [id] => 8
            [username] => bc211041
            [firstname] => Angie
            [lastname] => Uzcategui
            [email] => AUzcategui@bancaribe.com.ve
            [department] => Gerencia de Proyectos de Auditoria de Calidad IT
            [group_id] => 5
            [created] => 2014-01-31 23:06:30
            [modified] => 2014-11-18 09:31:25
            [employeeId] => 3
            [management] => Array
                (
                    [0] => 2
                    [1] => 4
                )

            [role] => super
        )

)

Aco: controllers/Evaluations/yearlyevaluation
