2014-10-13 15:12:09 Yalp: [YALP.authenticate] Authentication started
2014-10-13 15:12:10 Yalp: [YALP.authenticate] User 'bc214530' were found on LDAP
2014-10-13 15:12:11 Yalp: [YALP.authenticate] Could not find a database entry for bc214530
2014-10-13 15:12:14 Yalp: [YALP.authenticate] Authentication started
2014-10-13 15:12:14 Yalp: [YALP.authenticate] User 'bc214530' were found on LDAP
2014-10-13 15:12:14 Yalp: [YALP.authenticate] Could not find a database entry for bc214530
2014-10-13 15:12:15 Yalp: [YALP.authenticate] Authentication started
2014-10-13 15:12:15 Yalp: [YALP.authenticate] User 'bc214530' were found on LDAP
2014-10-13 15:12:15 Yalp: [YALP.authenticate] Could not find a database entry for bc214530
2014-10-13 15:21:32 Yalp: [YALP.authenticate] Authentication started
2014-10-13 15:21:33 Yalp: [YALP.authenticate] User 'bc213316' were found on LDAP
2014-10-13 15:23:18 Yalp: [YALP.authenticate] Authentication started
2014-10-13 15:23:18 Yalp: [YALP.authenticate] User 'bc214530' were found on LDAP
2014-10-16 10:50:29 Yalp: [YALP.authenticate] Authentication started
2014-10-16 10:50:30 Yalp: [YALP.authenticate] User 'bc213316' were found on LDAP
2014-10-16 12:41:41 Yalp: [YALP.authenticate] Authentication started
2014-10-16 12:41:42 Yalp: [YALP.authenticate] User 'bc213316' were found on LDAP
2014-10-20 06:28:16 Yalp: [YALP.authenticate] Authentication started
2014-10-20 06:28:16 Yalp: [YALP.authenticate] User 'bc213316' were found on LDAP
2014-10-20 08:24:39 Yalp: [YALP.authenticate] Authentication started
2014-10-20 08:24:40 Yalp: [YALPUtility->validateUser] Could not find user 'consultor' on LDAP
2014-10-20 08:24:40 Yalp: [YALP.authenticate] User 'consultor' could not be find on LDAP
2014-10-20 08:24:49 Yalp: [YALP.authenticate] Authentication started
2014-10-20 08:24:49 Yalp: [YALPUtility->validateUser] Could not find user 'consultor' on LDAP
2014-10-20 08:24:49 Yalp: [YALP.authenticate] User 'consultor' could not be find on LDAP
2014-10-20 08:25:09 Yalp: [YALP.authenticate] Authentication started
2014-10-20 08:25:09 Yalp: [YALP.authenticate] User 'bc213316' could not be find on LDAP
2014-10-20 08:25:16 Yalp: [YALP.authenticate] Authentication started
2014-10-20 08:25:16 Yalp: [YALP.authenticate] User 'bc213316' were found on LDAP
2014-10-27 11:13:12 Yalp: [YALP.authenticate] Authentication started
2014-10-27 11:13:12 Yalp: [YALP.authenticate] User 'bc213316' were found on LDAP
2014-11-18 21:56:39 Yalp: [YALP.authenticate] Authentication started
2014-11-18 21:56:40 Yalp: [YALP.authenticate] User 'bc214574' were found on LDAP
2014-11-18 21:56:40 Yalp: [YALP.authenticate] Could not find a database entry for bc214574
2014-11-20 22:15:05 Yalp: [YALP.authenticate] Authentication started
2014-11-20 22:15:05 Yalp: [YALP.authenticate] User 'bc214574' were found on LDAP
2014-11-21 14:20:11 Yalp: [YALP.authenticate] Authentication started
2014-11-21 14:20:11 Yalp: [YALP.authenticate] User 'bc214574' were found on LDAP
2014-11-24 19:20:44 Yalp: [YALP.authenticate] Authentication started
2014-11-24 19:20:44 Yalp: [YALP.authenticate] User 'bc214574' were found on LDAP
2014-11-24 21:03:01 Yalp: [YALP.authenticate] Authentication started
2014-11-24 21:03:01 Yalp: [YALP.authenticate] User 'bc214574' were found on LDAP
2014-11-26 10:22:08 Yalp: [YALP.authenticate] Authentication started
2014-11-26 10:22:08 Yalp: [YALP.authenticate] User 'bc214574' were found on LDAP
2014-12-01 08:53:32 Yalp: [YALP.authenticate] Authentication started
2014-12-01 08:53:32 Yalp: [YALP.authenticate] User 'bc214574' were found on LDAP
2014-12-02 16:22:27 Yalp: [YALP.authenticate] Authentication started
2014-12-02 16:22:27 Yalp: [YALP.authenticate] User 'bc214574' were found on LDAP
2014-12-03 08:53:51 Yalp: [YALP.authenticate] Authentication started
2014-12-03 08:53:51 Yalp: [YALP.authenticate] User 'bc214574' were found on LDAP
2014-12-03 16:23:46 Yalp: [YALP.authenticate] Authentication started
2014-12-03 16:23:46 Yalp: [YALP.authenticate] User 'bc214574' were found on LDAP
2014-12-04 11:10:23 Yalp: [YALP.authenticate] Authentication started
2014-12-04 11:10:23 Yalp: [YALP.authenticate] User 'bc214574' were found on LDAP
2014-12-04 11:22:07 Yalp: [YALP.authenticate] Authentication started
2014-12-04 11:22:07 Yalp: [YALP.authenticate] User 'bc214574' were found on LDAP
2014-12-05 08:16:58 Yalp: [YALP.authenticate] Authentication started
2014-12-05 08:16:58 Yalp: [YALP.authenticate] User 'bc214574' were found on LDAP
2014-12-09 14:12:05 Yalp: [YALP.authenticate] Authentication started
2014-12-09 14:12:05 Yalp: [YALP.authenticate] User 'bc214574' were found on LDAP
2014-12-09 14:12:25 Yalp: [YALP.authenticate] Authentication started
2014-12-09 14:12:26 Yalp: [YALP.authenticate] User 'bc214574' were found on LDAP
2014-12-10 11:23:04 Yalp: [YALP.authenticate] Authentication started
2014-12-10 11:23:04 Yalp: [YALP.authenticate] User 'bc214574' were found on LDAP
2014-12-17 15:46:43 Yalp: [YALP.authenticate] Authentication started
2014-12-17 15:46:43 Yalp: [YALP.authenticate] User 'bc213078' were found on LDAP
2014-12-17 15:48:59 Yalp: [YALP.authenticate] Authentication started
2014-12-17 15:48:59 Yalp: [YALP.authenticate] User 'bc214263' were found on LDAP
2014-12-17 16:03:43 Yalp: [YALP.authenticate] Authentication started
2014-12-17 16:03:43 Yalp: [YALP.authenticate] User 'bc213078' were found on LDAP
2014-12-17 16:06:47 Yalp: [YALP.authenticate] Authentication started
2014-12-17 16:06:47 Yalp: [YALP.authenticate] User 'bc210397' were found on LDAP
2014-12-17 16:07:02 Yalp: [YALP.authenticate] Authentication started
2014-12-17 16:07:03 Yalp: [YALP.authenticate] User 'bc214569' were found on LDAP
2014-12-17 16:08:04 Yalp: [YALP.authenticate] Authentication started
2014-12-17 16:08:04 Yalp: [YALP.authenticate] User 'bc214425' were found on LDAP
2014-12-17 16:21:06 Yalp: [YALP.authenticate] Authentication started
2014-12-17 16:21:06 Yalp: [YALP.authenticate] User 'bc22193' were found on LDAP
2014-12-17 16:43:44 Yalp: [YALP.authenticate] Authentication started
2014-12-17 16:43:44 Yalp: [YALP.authenticate] User 'bc26171' were found on LDAP
2014-12-17 18:00:09 Yalp: [YALP.authenticate] Authentication started
2014-12-17 18:00:09 Yalp: [YALP.authenticate] User 'bc214186' could not be find on LDAP
2014-12-17 18:00:16 Yalp: [YALP.authenticate] Authentication started
2014-12-17 18:00:16 Yalp: [YALP.authenticate] User 'bc214186' were found on LDAP
2014-12-18 09:04:09 Yalp: [YALP.authenticate] Authentication started
2014-12-18 09:04:09 Yalp: [YALP.authenticate] User 'bc214569' were found on LDAP
2014-12-18 10:03:15 Yalp: [YALP.authenticate] Authentication started
2014-12-18 10:03:15 Yalp: [YALP.authenticate] User 'bc214263' were found on LDAP
2014-12-18 10:04:29 Yalp: [YALP.authenticate] Authentication started
2014-12-18 10:04:29 Yalp: [YALP.authenticate] User 'bc214425' were found on LDAP
2014-12-18 10:11:40 Yalp: [YALP.authenticate] Authentication started
2014-12-18 10:11:40 Yalp: [YALP.authenticate] User 'bc211041' were found on LDAP
2014-12-18 10:36:57 Yalp: [YALP.authenticate] Authentication started
2014-12-18 10:36:57 Yalp: [YALP.authenticate] User 'bc214425' were found on LDAP
2014-12-18 10:40:08 Yalp: [YALP.authenticate] Authentication started
2014-12-18 10:40:08 Yalp: [YALP.authenticate] User 'bc214425' could not be find on LDAP
2014-12-18 10:40:14 Yalp: [YALP.authenticate] Authentication started
2014-12-18 10:40:14 Yalp: [YALP.authenticate] User 'bc214425' could not be find on LDAP
2014-12-18 10:40:20 Yalp: [YALP.authenticate] Authentication started
2014-12-18 10:40:20 Yalp: [YALP.authenticate] User 'bc214425' could not be find on LDAP
2014-12-18 11:15:30 Yalp: [YALP.authenticate] Authentication started
2014-12-18 11:15:30 Yalp: [YALP.authenticate] User 'bc214425' could not be find on LDAP
2014-12-18 11:15:39 Yalp: [YALP.authenticate] Authentication started
2014-12-18 11:15:39 Yalp: [YALP.authenticate] User 'bc214425' were found on LDAP
2014-12-18 11:16:38 Yalp: [YALP.authenticate] Authentication started
2014-12-18 11:16:38 Yalp: [YALP.authenticate] User 'bc210397' were found on LDAP
2014-12-18 11:21:40 Yalp: [YALP.authenticate] Authentication started
2014-12-18 11:21:40 Yalp: [YALP.authenticate] User 'bc214569' were found on LDAP
2014-12-18 11:39:21 Yalp: [YALP.authenticate] Authentication started
2014-12-18 11:39:21 Yalp: [YALP.authenticate] User 'bc214569' were found on LDAP
2014-12-18 15:46:31 Yalp: [YALP.authenticate] Authentication started
2014-12-18 15:46:31 Yalp: [YALP.authenticate] User 'bc214425' were found on LDAP
2014-12-18 17:45:08 Yalp: [YALP.authenticate] Authentication started
2014-12-18 17:45:08 Yalp: [YALP.authenticate] User 'bc214425' were found on LDAP
2014-12-19 09:02:27 Yalp: [YALP.authenticate] Authentication started
2014-12-19 09:02:27 Yalp: [YALP.authenticate] User 'bc214263' were found on LDAP
2014-12-19 10:23:38 Yalp: [YALP.authenticate] Authentication started
2014-12-19 10:23:38 Yalp: [YALP.authenticate] User 'bc211041' were found on LDAP
2014-12-19 10:24:21 Yalp: [YALP.authenticate] Authentication started
2014-12-19 10:24:21 Yalp: [YALP.authenticate] User 'bc212173' were found on LDAP
2014-12-19 10:46:11 Yalp: [YALP.authenticate] Authentication started
2014-12-19 10:46:11 Yalp: [YALP.authenticate] User 'bc211041' were found on LDAP
2014-12-19 10:59:39 Yalp: [YALP.authenticate] Authentication started
2014-12-19 10:59:39 Yalp: [YALP.authenticate] User 'bc214425' were found on LDAP
2014-12-19 14:47:20 Yalp: [YALP.authenticate] Authentication started
2014-12-19 14:47:20 Yalp: [YALP.authenticate] User 'bc214425' could not be find on LDAP
2014-12-19 14:47:28 Yalp: [YALP.authenticate] Authentication started
2014-12-19 14:47:28 Yalp: [YALP.authenticate] User 'bc214425' were found on LDAP
2014-12-19 15:41:07 Yalp: [YALP.authenticate] Authentication started
2014-12-19 15:41:07 Yalp: [YALP.authenticate] User 'bc214574' were found on LDAP
2014-12-19 15:43:39 Yalp: [YALP.authenticate] Authentication started
2014-12-19 15:43:39 Yalp: [YALP.authenticate] User 'bc213316' were found on LDAP
2014-12-19 15:48:27 Yalp: [YALP.authenticate] Authentication started
2014-12-19 15:48:27 Yalp: [YALP.authenticate] User 'bc211041' were found on LDAP
2014-12-19 16:23:53 Yalp: [YALP.authenticate] Authentication started
2014-12-19 16:23:53 Yalp: [YALP.authenticate] User 'bc211041' could not be find on LDAP
2014-12-19 16:24:00 Yalp: [YALP.authenticate] Authentication started
2014-12-19 16:24:00 Yalp: [YALP.authenticate] User 'bc211041' were found on LDAP
2014-12-19 17:14:47 Yalp: [YALP.authenticate] Authentication started
2014-12-19 17:14:47 Yalp: [YALP.authenticate] User 'bc214425' were found on LDAP
2014-12-22 08:58:51 Yalp: [YALP.authenticate] Authentication started
2014-12-22 08:58:51 Yalp: [YALP.authenticate] User 'bc211041' were found on LDAP
2014-12-22 08:59:02 Yalp: [YALP.authenticate] Authentication started
2014-12-22 08:59:02 Yalp: [YALP.authenticate] User 'bc214425' were found on LDAP
2014-12-22 09:45:59 Yalp: [YALP.authenticate] Authentication started
2014-12-22 09:45:59 Yalp: [YALP.authenticate] User 'bc214574' were found on LDAP
2014-12-22 11:02:32 Yalp: [YALP.authenticate] Authentication started
2014-12-22 11:02:32 Yalp: [YALP.authenticate] User 'bc213078' were found on LDAP
2014-12-22 11:23:02 Yalp: [YALP.authenticate] Authentication started
2014-12-22 11:23:02 Yalp: [YALP.authenticate] User 'bc214425' were found on LDAP
2014-12-22 13:14:42 Yalp: [YALP.authenticate] Authentication started
2014-12-22 13:14:42 Yalp: [YALP.authenticate] User 'bc214263' were found on LDAP
2014-12-22 13:49:08 Yalp: [YALP.authenticate] Authentication started
2014-12-22 13:49:08 Yalp: [YALP.authenticate] User 'bc212173' were found on LDAP
2014-12-22 13:56:54 Yalp: [YALP.authenticate] Authentication started
2014-12-22 13:56:54 Yalp: [YALP.authenticate] User 'bc212463' were found on LDAP
2014-12-22 15:46:40 Yalp: [YALP.authenticate] Authentication started
2014-12-22 15:46:40 Yalp: [YALP.authenticate] User 'bc210397' were found on LDAP
2014-12-22 15:53:40 Yalp: [YALP.authenticate] Authentication started
2014-12-22 15:53:40 Yalp: [YALP.authenticate] User 'bc214569' were found on LDAP
2014-12-22 16:07:59 Yalp: [YALP.authenticate] Authentication started
2014-12-22 16:07:59 Yalp: [YALP.authenticate] User 'bc214574' were found on LDAP
2014-12-22 16:08:38 Yalp: [YALP.authenticate] Authentication started
2014-12-22 18:24:16 Yalp: [YALP.authenticate] Authentication started
2014-12-22 18:24:16 Yalp: [YALP.authenticate] User 'bc211041' were found on LDAP
2014-12-23 08:08:14 Yalp: [YALP.authenticate] Authentication started
2014-12-23 08:08:14 Yalp: [YALP.authenticate] User 'bc211041' were found on LDAP
2014-12-23 14:02:35 Yalp: [YALP.authenticate] Authentication started
2014-12-23 14:02:35 Yalp: [YALP.authenticate] User 'bc214425' were found on LDAP
2014-12-23 14:56:52 Yalp: [YALP.authenticate] Authentication started
2014-12-23 14:56:52 Yalp: [YALP.authenticate] User 'bc214574' were found on LDAP
2014-12-23 14:59:34 Yalp: [YALP.authenticate] Authentication started
2014-12-23 14:59:34 Yalp: [YALP.authenticate] User 'bc212463' were found on LDAP
2014-12-23 15:42:33 Yalp: [YALP.authenticate] Authentication started
2014-12-23 15:42:33 Yalp: [YALP.authenticate] User 'bc211041' were found on LDAP
2014-12-26 17:04:07 Yalp: [YALP.authenticate] Authentication started
2014-12-26 17:04:07 Yalp: [YALP.authenticate] User 'bc22193' were found on LDAP
2014-12-29 08:32:55 Yalp: [YALP.authenticate] Authentication started
2014-12-29 08:32:55 Yalp: [YALP.authenticate] User 'bc214425' were found on LDAP
2014-12-29 09:44:22 Yalp: [YALP.authenticate] Authentication started
2014-12-29 09:44:22 Yalp: [YALP.authenticate] User 'bc211041' were found on LDAP
2014-12-29 09:53:19 Yalp: [YALP.authenticate] Authentication started
2014-12-29 09:53:19 Yalp: [YALP.authenticate] User 'bc214263' were found on LDAP
2014-12-29 11:18:43 Yalp: [YALP.authenticate] Authentication started
2014-12-29 11:18:43 Yalp: [YALP.authenticate] User 'bc214425' were found on LDAP
2014-12-29 14:28:22 Yalp: [YALP.authenticate] Authentication started
2014-12-29 14:28:22 Yalp: [YALP.authenticate] User 'bc214263' were found on LDAP
2014-12-29 14:50:07 Yalp: [YALP.authenticate] Authentication started
2014-12-29 14:50:07 Yalp: [YALP.authenticate] User 'bc214574' were found on LDAP
2014-12-29 15:27:39 Yalp: [YALP.authenticate] Authentication started
2014-12-29 15:27:39 Yalp: [YALPUtility->validateUser] Could not find user ' bc214425' on LDAP
2014-12-29 15:27:39 Yalp: [YALP.authenticate] User ' bc214425' could not be find on LDAP
2014-12-29 15:27:49 Yalp: [YALP.authenticate] Authentication started
2014-12-29 15:27:49 Yalp: [YALPUtility->validateUser] Could not find user ' bc214425' on LDAP
2014-12-29 15:27:49 Yalp: [YALP.authenticate] User ' bc214425' could not be find on LDAP
2014-12-29 15:27:53 Yalp: [YALP.authenticate] Authentication started
2014-12-29 15:27:53 Yalp: [YALPUtility->validateUser] Could not find user ' bc214425' on LDAP
2014-12-29 15:27:53 Yalp: [YALP.authenticate] User ' bc214425' could not be find on LDAP
2014-12-29 15:28:07 Yalp: [YALP.authenticate] Authentication started
2014-12-29 15:28:07 Yalp: [YALPUtility->validateUser] Could not find user ' bc214425' on LDAP
2014-12-29 15:28:07 Yalp: [YALP.authenticate] User ' bc214425' could not be find on LDAP
2014-12-29 15:28:45 Yalp: [YALP.authenticate] Authentication started
2014-12-29 15:28:45 Yalp: [YALP.authenticate] User 'bc214425' were found on LDAP
2014-12-29 16:41:04 Yalp: [YALP.authenticate] Authentication started
2014-12-29 16:41:04 Yalp: [YALP.authenticate] User 'bc214425' were found on LDAP
2014-12-30 09:08:54 Yalp: [YALP.authenticate] Authentication started
2014-12-30 09:08:54 Yalp: [YALP.authenticate] User 'bc211041' were found on LDAP
2014-12-30 09:41:21 Yalp: [YALP.authenticate] Authentication started
2014-12-30 09:41:21 Yalp: [YALP.authenticate] User 'bc214263' were found on LDAP
2014-12-30 09:47:35 Yalp: [YALP.authenticate] Authentication started
2014-12-30 09:47:35 Yalp: [YALP.authenticate] User 'bc214263' were found on LDAP
2014-12-30 10:52:52 Yalp: [YALP.authenticate] Authentication started
2014-12-30 10:52:52 Yalp: [YALP.authenticate] User 'bc214425' were found on LDAP
2014-12-30 15:19:33 Yalp: [YALP.authenticate] Authentication started
2014-12-30 15:19:33 Yalp: [YALP.authenticate] User 'bc214425' were found on LDAP
2014-12-30 16:03:27 Yalp: [YALP.authenticate] Authentication started
2014-12-30 16:03:27 Yalp: [YALP.authenticate] User 'bc214263' were found on LDAP
2015-01-02 09:30:05 Yalp: [YALP.authenticate] Authentication started
2015-01-02 09:30:05 Yalp: [YALP.authenticate] User 'bc214425' were found on LDAP
2015-01-02 09:30:07 Yalp: [YALP.authenticate] Authentication started
2015-01-02 09:30:07 Yalp: [YALP.authenticate] User 'bc214425' were found on LDAP
2015-01-02 13:58:21 Yalp: [YALP.authenticate] Authentication started
2015-01-02 13:58:21 Yalp: [YALP.authenticate] User 'bc214574' were found on LDAP
2015-01-06 08:59:11 Yalp: [YALP.authenticate] Authentication started
2015-01-06 08:59:11 Yalp: [YALPUtility->validateUser] Could not find user 'bc21425' on LDAP
2015-01-06 08:59:11 Yalp: [YALP.authenticate] User 'bc21425' could not be find on LDAP
2015-01-06 08:59:21 Yalp: [YALP.authenticate] Authentication started
2015-01-06 08:59:21 Yalp: [YALPUtility->validateUser] Could not find user 'bc21425' on LDAP
2015-01-06 08:59:21 Yalp: [YALP.authenticate] User 'bc21425' could not be find on LDAP
2015-01-06 08:59:30 Yalp: [YALP.authenticate] Authentication started
2015-01-06 08:59:30 Yalp: [YALPUtility->validateUser] Could not find user 'bc21425' on LDAP
2015-01-06 08:59:30 Yalp: [YALP.authenticate] User 'bc21425' could not be find on LDAP
2015-01-06 08:59:59 Yalp: [YALP.authenticate] Authentication started
2015-01-06 08:59:59 Yalp: [YALP.authenticate] User 'bc214263' were found on LDAP
2015-01-06 09:00:00 Yalp: [YALP.authenticate] Authentication started
2015-01-06 09:00:00 Yalp: [YALP.authenticate] User 'bc214425' could not be find on LDAP
2015-01-06 09:00:58 Yalp: [YALP.authenticate] Authentication started
2015-01-06 09:00:58 Yalp: [YALP.authenticate] User 'bc214425' were found on LDAP
2015-01-06 09:31:41 Yalp: [YALP.authenticate] Authentication started
2015-01-06 09:31:41 Yalp: [YALP.authenticate] User 'bc211041' were found on LDAP
2015-01-06 10:52:09 Yalp: [YALP.authenticate] Authentication started
2015-01-06 10:52:09 Yalp: [YALP.authenticate] User 'bc211041' were found on LDAP
2015-01-06 11:25:28 Yalp: [YALP.authenticate] Authentication started
2015-01-06 11:25:29 Yalp: [YALP.authenticate] User 'bc213078' were found on LDAP
2015-01-06 11:28:12 Yalp: [YALP.authenticate] Authentication started
2015-01-06 11:28:12 Yalp: [YALP.authenticate] User 'bc211041' were found on LDAP
2015-01-06 11:31:40 Yalp: [YALP.authenticate] Authentication started
2015-01-06 11:31:40 Yalp: [YALP.authenticate] User 'bc211041' were found on LDAP
2015-01-06 11:57:45 Yalp: [YALP.authenticate] Authentication started
2015-01-06 11:57:45 Yalp: [YALP.authenticate] User 'bc214263' were found on LDAP
2015-01-06 13:33:02 Yalp: [YALP.authenticate] Authentication started
2015-01-06 13:33:02 Yalp: [YALP.authenticate] User 'bc211041' could not be find on LDAP
2015-01-06 13:33:08 Yalp: [YALP.authenticate] Authentication started
2015-01-06 13:33:08 Yalp: [YALP.authenticate] User 'bc211041' were found on LDAP
2015-01-06 14:05:33 Yalp: [YALP.authenticate] Authentication started
2015-01-06 14:05:33 Yalp: [YALPUtility->validateUser] Could not find user '15474128' on LDAP
2015-01-06 14:05:33 Yalp: [YALP.authenticate] User '15474128' could not be find on LDAP
2015-01-06 14:05:44 Yalp: [YALP.authenticate] Authentication started
2015-01-06 14:05:44 Yalp: [YALP.authenticate] User 'bc214425' were found on LDAP
2015-01-06 16:09:52 Yalp: [YALP.authenticate] Authentication started
2015-01-06 16:09:53 Yalp: [YALP.authenticate] User 'bc214425' could not be find on LDAP
2015-01-06 16:10:03 Yalp: [YALP.authenticate] Authentication started
2015-01-06 16:10:03 Yalp: [YALP.authenticate] User 'bc214425' could not be find on LDAP
2015-01-07 07:43:51 Yalp: [YALP.authenticate] Authentication started
2015-01-07 07:43:52 Yalp: [YALP.authenticate] User 'bc214263' were found on LDAP
2015-01-07 07:45:10 Yalp: [YALP.authenticate] Authentication started
2015-01-07 07:45:10 Yalp: [YALP.authenticate] User 'bc214263' were found on LDAP
2015-01-07 08:36:26 Yalp: [YALP.authenticate] Authentication started
2015-01-07 08:36:26 Yalp: [YALP.authenticate] User 'bc214425' could not be find on LDAP
2015-01-07 08:36:37 Yalp: [YALP.authenticate] Authentication started
2015-01-07 08:36:37 Yalp: [YALP.authenticate] User 'bc214425' were found on LDAP
2015-01-07 09:07:33 Yalp: [YALP.authenticate] Authentication started
2015-01-07 09:07:33 Yalp: [YALP.authenticate] User 'bc22193' were found on LDAP
2015-01-07 16:11:12 Yalp: [YALP.authenticate] Authentication started
2015-01-07 16:11:12 Yalp: [YALP.authenticate] User 'bc214425' could not be find on LDAP
2015-01-07 16:11:23 Yalp: [YALP.authenticate] Authentication started
2015-01-07 16:11:23 Yalp: [YALP.authenticate] User 'bc214425' could not be find on LDAP
2015-01-07 16:21:16 Yalp: [YALP.authenticate] Authentication started
2015-01-07 16:21:16 Yalp: [YALP.authenticate] User 'bc214425' could not be find on LDAP
2015-01-07 16:21:25 Yalp: [YALP.authenticate] Authentication started
2015-01-07 16:21:25 Yalp: [YALP.authenticate] User 'bc214425' were found on LDAP
2015-01-07 16:49:20 Yalp: [YALP.authenticate] Authentication started
2015-01-07 16:49:20 Yalp: [YALP.authenticate] User 'bc214574' could not be find on LDAP
2015-01-07 16:49:44 Yalp: [YALP.authenticate] Authentication started
2015-01-07 16:49:44 Yalp: [YALP.authenticate] User 'bc214574' were found on LDAP
2015-01-07 16:50:12 Yalp: [YALP.authenticate] Authentication started
2015-01-07 16:50:12 Yalp: [YALP.authenticate] User 'bc213078' were found on LDAP
2015-01-08 09:52:25 Yalp: [YALP.authenticate] Authentication started
2015-01-08 09:52:25 Yalp: [YALP.authenticate] User 'bc211041' were found on LDAP
2015-01-08 11:37:17 Yalp: [YALP.authenticate] Authentication started
2015-01-08 11:37:17 Yalp: [YALP.authenticate] User 'bc214574' were found on LDAP
2015-01-08 12:53:54 Yalp: [YALP.authenticate] Authentication started
2015-01-08 12:53:54 Yalp: [YALP.authenticate] User 'bc210397' were found on LDAP
2015-01-08 14:03:21 Yalp: [YALP.authenticate] Authentication started
2015-01-08 14:03:21 Yalp: [YALP.authenticate] User 'bc214425' could not be find on LDAP
2015-01-08 14:03:32 Yalp: [YALP.authenticate] Authentication started
2015-01-08 14:03:32 Yalp: [YALP.authenticate] User 'bc214425' were found on LDAP
2015-01-08 14:12:50 Yalp: [YALP.authenticate] Authentication started
2015-01-08 14:12:50 Yalp: [YALP.authenticate] User 'bc211041' were found on LDAP
2015-01-08 14:34:31 Yalp: [YALP.authenticate] Authentication started
2015-01-08 14:34:31 Yalp: [YALP.authenticate] User 'bc211041' were found on LDAP
2015-01-08 14:42:04 Yalp: [YALP.authenticate] Authentication started
2015-01-08 14:42:04 Yalp: [YALP.authenticate] User 'bc211041' were found on LDAP
2015-01-08 14:57:48 Yalp: [YALP.authenticate] Authentication started
2015-01-08 14:57:49 Yalp: [YALP.authenticate] User 'bc211041' were found on LDAP
2015-01-08 15:02:09 Yalp: [YALP.authenticate] Authentication started
2015-01-08 15:02:09 Yalp: [YALP.authenticate] User 'bc211041' were found on LDAP
2015-01-08 15:14:39 Yalp: [YALP.authenticate] Authentication started
2015-01-08 15:14:39 Yalp: [YALP.authenticate] User 'bc211041' were found on LDAP
2015-01-08 15:23:07 Yalp: [YALP.authenticate] Authentication started
2015-01-08 15:23:07 Yalp: [YALP.authenticate] User 'bc211041' were found on LDAP
2015-01-08 17:24:03 Yalp: [YALP.authenticate] Authentication started
2015-01-08 17:24:03 Yalp: [YALP.authenticate] User 'bc212463' were found on LDAP
2015-01-08 17:24:11 Yalp: [YALP.authenticate] Authentication started
2015-01-08 17:24:11 Yalp: [YALP.authenticate] User 'bc212463' were found on LDAP
2015-01-09 09:10:23 Yalp: [YALP.authenticate] Authentication started
2015-01-09 09:10:23 Yalp: [YALP.authenticate] User 'bc214569' were found on LDAP
2015-01-09 10:18:12 Yalp: [YALP.authenticate] Authentication started
2015-01-09 10:18:13 Yalp: [YALP.authenticate] User 'bc214263' were found on LDAP
2015-01-09 14:03:59 Yalp: [YALP.authenticate] Authentication started
2015-01-09 14:03:59 Yalp: [YALP.authenticate] User 'bc211041' were found on LDAP
2015-01-09 16:58:38 Yalp: [YALP.authenticate] Authentication started
2015-01-09 16:58:39 Yalp: [YALP.authenticate] User 'bc210397' were found on LDAP
2015-01-09 17:00:02 Yalp: [YALP.authenticate] Authentication started
2015-01-09 17:00:02 Yalp: [YALP.authenticate] User 'bc211041' could not be find on LDAP
2015-01-09 17:00:11 Yalp: [YALP.authenticate] Authentication started
2015-01-09 17:00:11 Yalp: [YALP.authenticate] User 'bc211041' were found on LDAP
2015-01-09 17:33:20 Yalp: [YALP.authenticate] Authentication started
2015-01-09 17:33:20 Yalp: [YALP.authenticate] User 'bc214425' could not be find on LDAP
2015-01-09 17:33:28 Yalp: [YALP.authenticate] Authentication started
2015-01-09 17:33:28 Yalp: [YALP.authenticate] User 'bc214425' were found on LDAP
2015-01-12 08:03:28 Yalp: [YALP.authenticate] Authentication started
2015-01-12 08:03:28 Yalp: [YALP.authenticate] User 'bc214263' were found on LDAP
2015-01-12 08:18:12 Yalp: [YALP.authenticate] Authentication started
2015-01-12 08:18:12 Yalp: [YALP.authenticate] User 'bc210397' were found on LDAP
2015-01-12 10:08:37 Yalp: [YALP.authenticate] Authentication started
2015-01-12 10:08:37 Yalp: [YALP.authenticate] User 'bc214574' could not be find on LDAP
2015-01-12 10:08:43 Yalp: [YALP.authenticate] Authentication started
2015-01-12 10:08:43 Yalp: [YALP.authenticate] User 'bc214574' were found on LDAP
2015-01-12 10:46:46 Yalp: [YALP.authenticate] Authentication started
2015-01-12 10:46:46 Yalp: [YALP.authenticate] User 'bc212173' were found on LDAP
2015-01-12 13:52:57 Yalp: [YALP.authenticate] Authentication started
2015-01-12 13:52:57 Yalp: [YALP.authenticate] User 'bc210397' were found on LDAP
2015-01-12 14:49:59 Yalp: [YALP.authenticate] Authentication started
2015-01-12 14:49:59 Yalp: [YALP.authenticate] User 'bc211041' were found on LDAP
2015-01-12 15:21:54 Yalp: [YALP.authenticate] Authentication started
2015-01-12 15:21:54 Yalp: [YALP.authenticate] User 'bc213078' were found on LDAP
2015-01-12 17:01:29 Yalp: [YALP.authenticate] Authentication started
2015-01-12 17:01:29 Yalp: [YALP.authenticate] User 'bc214263' were found on LDAP
2015-01-13 09:03:45 Yalp: [YALP.authenticate] Authentication started
2015-01-13 09:03:45 Yalp: [YALP.authenticate] User 'bc211041' could not be find on LDAP
2015-01-13 09:03:50 Yalp: [YALP.authenticate] Authentication started
2015-01-13 09:03:50 Yalp: [YALP.authenticate] User 'bc211041' were found on LDAP
2015-01-13 09:21:03 Yalp: [YALP.authenticate] Authentication started
2015-01-13 09:21:03 Yalp: [YALP.authenticate] User 'bc214574' were found on LDAP
2015-01-13 11:50:40 Yalp: [YALP.authenticate] Authentication started
2015-01-13 11:50:40 Yalp: [YALP.authenticate] User 'bc20095' could not be find on LDAP
2015-01-13 11:50:43 Yalp: [YALP.authenticate] Authentication started
2015-01-13 11:50:43 Yalp: [YALP.authenticate] User 'bc20095' were found on LDAP
2015-01-13 13:33:29 Yalp: [YALP.authenticate] Authentication started
2015-01-13 13:33:29 Yalp: [YALP.authenticate] User 'bc210397' were found on LDAP
2015-01-13 14:56:38 Yalp: [YALP.authenticate] Authentication started
2015-01-13 14:56:38 Yalp: [YALP.authenticate] User 'bc211041' were found on LDAP
2015-01-13 15:02:52 Yalp: [YALP.authenticate] Authentication started
2015-01-13 15:02:52 Yalp: [YALP.authenticate] User 'bc214574' were found on LDAP
2015-01-13 15:06:43 Yalp: [YALP.authenticate] Authentication started
2015-01-13 15:06:43 Yalp: [YALP.authenticate] User 'bc213078' were found on LDAP
2015-01-13 15:53:45 Yalp: [YALP.authenticate] Authentication started
2015-01-13 15:53:45 Yalp: [YALP.authenticate] User 'bc20095' were found on LDAP
2015-01-14 11:39:29 Yalp: [YALP.authenticate] Authentication started
2015-01-14 11:39:29 Yalp: [YALP.authenticate] User 'bc20095' were found on LDAP
2015-01-14 14:02:24 Yalp: [YALP.authenticate] Authentication started
2015-01-14 14:02:24 Yalp: [YALP.authenticate] User 'bc211041' were found on LDAP
2015-01-14 14:32:45 Yalp: [YALP.authenticate] Authentication started
2015-01-14 14:32:45 Yalp: [YALP.authenticate] User 'bc212173' were found on LDAP
2015-01-14 16:16:44 Yalp: [YALP.authenticate] Authentication started
2015-01-14 16:16:44 Yalp: [YALP.authenticate] User 'bc214574' were found on LDAP
2015-01-15 15:59:55 Yalp: [YALP.authenticate] Authentication started
2015-01-15 15:59:55 Yalp: [YALP.authenticate] User 'bc214574' were found on LDAP
2015-01-15 17:03:02 Yalp: [YALP.authenticate] Authentication started
2015-01-15 17:03:02 Yalp: [YALP.authenticate] User 'bc211041' were found on LDAP
2015-01-15 17:25:29 Yalp: [YALP.authenticate] Authentication started
2015-01-15 17:25:29 Yalp: [YALP.authenticate] User 'bc210397' were found on LDAP
2015-01-15 19:09:07 Yalp: [YALP.authenticate] Authentication started
2015-01-15 19:09:07 Yalp: [YALP.authenticate] User 'bc212173' were found on LDAP
2015-01-16 08:46:02 Yalp: [YALP.authenticate] Authentication started
2015-01-16 08:46:02 Yalp: [YALP.authenticate] User 'bc211041' could not be find on LDAP
2015-01-16 08:46:14 Yalp: [YALP.authenticate] Authentication started
2015-01-16 08:46:14 Yalp: [YALP.authenticate] User 'bc211041' were found on LDAP
2015-01-16 09:58:13 Yalp: [YALP.authenticate] Authentication started
2015-01-16 09:58:13 Yalp: [YALP.authenticate] User 'bc212173' were found on LDAP
2015-01-16 10:57:16 Yalp: [YALP.authenticate] Authentication started
2015-01-16 10:57:16 Yalp: [YALP.authenticate] User 'bc214574' were found on LDAP
2015-01-16 11:01:58 Yalp: [YALP.authenticate] Authentication started
2015-01-16 11:01:58 Yalp: [YALP.authenticate] User 'bc214574' were found on LDAP
2015-01-16 11:20:09 Yalp: [YALP.authenticate] Authentication started
2015-01-16 11:20:09 Yalp: [YALP.authenticate] User 'bc214574' were found on LDAP
2015-01-16 11:22:35 Yalp: [YALP.authenticate] Authentication started
2015-01-16 11:22:35 Yalp: [YALP.authenticate] User 'bc214574' could not be find on LDAP
2015-01-16 11:22:40 Yalp: [YALP.authenticate] Authentication started
2015-01-16 11:22:40 Yalp: [YALP.authenticate] User 'bc214574' were found on LDAP
2015-01-16 14:12:11 Yalp: [YALP.authenticate] Authentication started
2015-01-16 14:12:11 Yalp: [YALP.authenticate] User 'bc211041' were found on LDAP
2015-01-16 15:09:39 Yalp: [YALP.authenticate] Authentication started
2015-01-16 15:09:39 Yalp: [YALP.authenticate] User 'bc212173' were found on LDAP
2015-01-16 16:41:18 Yalp: [YALP.authenticate] Authentication started
2015-01-16 16:41:18 Yalp: [YALP.authenticate] User 'bc214263' were found on LDAP
2015-01-16 18:21:23 Yalp: [YALP.authenticate] Authentication started
2015-01-16 18:21:23 Yalp: [YALP.authenticate] User 'bc20095' could not be find on LDAP
2015-01-16 18:21:29 Yalp: [YALP.authenticate] Authentication started
2015-01-16 18:21:29 Yalp: [YALP.authenticate] User 'bc20095' were found on LDAP
2015-01-19 13:54:59 Yalp: [YALP.authenticate] Authentication started
2015-01-19 13:54:59 Yalp: [YALP.authenticate] User 'bc214263' were found on LDAP
2015-01-19 14:42:17 Yalp: [YALP.authenticate] Authentication started
2015-01-19 14:42:17 Yalp: [YALP.authenticate] User 'bc20095' were found on LDAP
2015-01-19 14:52:59 Yalp: [YALP.authenticate] Authentication started
2015-01-19 14:52:59 Yalp: [YALP.authenticate] User 'bc20095' were found on LDAP
2015-01-20 09:38:26 Yalp: [YALP.authenticate] Authentication started
2015-01-20 09:38:26 Yalp: [YALP.authenticate] User 'bc212173' were found on LDAP
2015-01-20 13:18:00 Yalp: [YALP.authenticate] Authentication started
2015-01-20 13:18:02 Yalp: [YALP.authenticate] User 'bc211041' could not be find on LDAP
2015-01-20 13:18:10 Yalp: [YALP.authenticate] Authentication started
2015-01-20 13:18:10 Yalp: [YALP.authenticate] User 'bc211041' were found on LDAP
2015-01-20 15:37:19 Yalp: [YALP.authenticate] Authentication started
2015-01-20 15:37:19 Yalp: [YALP.authenticate] User 'bc214574' were found on LDAP
2015-01-20 18:36:10 Yalp: [YALP.authenticate] Authentication started
2015-01-20 18:36:10 Yalp: [YALP.authenticate] User 'bc26171' were found on LDAP
2015-01-21 08:33:04 Yalp: [YALP.authenticate] Authentication started
2015-01-21 08:33:04 Yalp: [YALP.authenticate] User 'bc210397' were found on LDAP
2015-01-21 11:27:48 Yalp: [YALP.authenticate] Authentication started
2015-01-21 11:27:48 Yalp: [YALP.authenticate] User 'bc214574' were found on LDAP
2015-01-21 11:42:07 Yalp: [YALP.authenticate] Authentication started
2015-01-21 11:42:13 Yalp: [YALP.authenticate] Authentication started
2015-01-21 11:42:13 Yalp: [YALP.authenticate] User 'bc214186' were found on LDAP
2015-01-21 13:32:53 Yalp: [YALP.authenticate] Authentication started
2015-01-21 13:32:53 Yalp: [YALP.authenticate] User 'bc214530' were found on LDAP
2015-01-21 13:38:15 Yalp: [YALP.authenticate] Authentication started
2015-01-21 13:38:15 Yalp: [YALP.authenticate] User 'bc214530' were found on LDAP
2015-01-21 14:07:35 Yalp: [YALP.authenticate] Authentication started
2015-01-21 14:07:35 Yalp: [YALP.authenticate] User 'bc210397' were found on LDAP
2015-01-21 14:08:42 Yalp: [YALP.authenticate] Authentication started
2015-01-21 14:08:42 Yalp: [YALP.authenticate] User 'bc214574' were found on LDAP
2015-01-21 15:31:19 Yalp: [YALP.authenticate] Authentication started
2015-01-21 15:31:19 Yalp: [YALP.authenticate] User 'bc214574' were found on LDAP
2015-01-21 15:39:17 Yalp: [YALP.authenticate] Authentication started
2015-01-21 15:39:18 Yalp: [YALP.authenticate] User 'bc212173' were found on LDAP
2015-01-22 09:52:09 Yalp: [YALP.authenticate] Authentication started
2015-01-22 09:52:09 Yalp: [YALP.authenticate] User 'bc211041' were found on LDAP
2015-01-22 10:38:26 Yalp: [YALP.authenticate] Authentication started
2015-01-22 10:38:26 Yalp: [YALP.authenticate] User 'bc213316' were found on LDAP
2015-01-22 11:01:51 Yalp: [YALP.authenticate] Authentication started
2015-01-22 11:01:51 Yalp: [YALP.authenticate] User 'bc20095' were found on LDAP
2015-01-22 11:32:51 Yalp: [YALP.authenticate] Authentication started
2015-01-22 11:32:51 Yalp: [YALP.authenticate] User 'bc213316' were found on LDAP
2015-01-22 14:08:35 Yalp: [YALP.authenticate] Authentication started
2015-01-22 14:08:35 Yalp: [YALP.authenticate] User 'bc210397' were found on LDAP
2015-01-22 14:21:46 Yalp: [YALP.authenticate] Authentication started
2015-01-22 14:21:46 Yalp: [YALP.authenticate] User 'bc212173' were found on LDAP
2015-01-22 14:21:46 Yalp: [YALP.authenticate] Authentication started
2015-01-22 14:21:46 Yalp: [YALP.authenticate] User 'bc212173' were found on LDAP
2015-01-22 14:37:21 Yalp: [YALP.authenticate] Authentication started
2015-01-22 14:37:21 Yalp: [YALP.authenticate] User 'bc211041' could not be find on LDAP
2015-01-22 14:37:26 Yalp: [YALP.authenticate] Authentication started
2015-01-22 14:37:26 Yalp: [YALP.authenticate] User 'bc211041' were found on LDAP
2015-01-22 15:06:32 Yalp: [YALP.authenticate] Authentication started
2015-01-22 15:06:32 Yalp: [YALP.authenticate] User 'bc214642' were found on LDAP
2015-01-22 15:25:06 Yalp: [YALP.authenticate] Authentication started
2015-01-22 15:25:06 Yalp: [YALP.authenticate] User 'bc213316' were found on LDAP
2015-01-22 16:41:58 Yalp: [YALP.authenticate] Authentication started
2015-01-22 16:41:58 Yalp: [YALP.authenticate] User 'bc212173' were found on LDAP
2015-01-22 17:11:01 Yalp: [YALP.authenticate] Authentication started
2015-01-22 17:11:01 Yalp: [YALP.authenticate] User 'bc214263' were found on LDAP
2015-01-23 09:29:46 Yalp: [YALP.authenticate] Authentication started
2015-01-23 09:29:46 Yalp: [YALP.authenticate] User 'bc211041' were found on LDAP
2015-01-23 09:36:35 Yalp: [YALP.authenticate] Authentication started
2015-01-23 09:36:35 Yalp: [YALP.authenticate] User 'bc214530' were found on LDAP
2015-01-23 09:40:35 Yalp: [YALP.authenticate] Authentication started
2015-01-23 09:40:35 Yalp: [YALP.authenticate] User 'bc214530' were found on LDAP
2015-01-23 09:43:29 Yalp: [YALP.authenticate] Authentication started
2015-01-23 09:43:29 Yalp: [YALP.authenticate] User 'bc214530' could not be find on LDAP
2015-01-23 09:43:37 Yalp: [YALP.authenticate] Authentication started
2015-01-23 09:43:37 Yalp: [YALP.authenticate] User 'bc214530' were found on LDAP
2015-01-23 11:04:30 Yalp: [YALP.authenticate] Authentication started
2015-01-23 11:04:30 Yalp: [YALP.authenticate] User 'bc212463' were found on LDAP
2015-01-23 13:25:01 Yalp: [YALP.authenticate] Authentication started
2015-01-23 13:25:01 Yalp: [YALP.authenticate] User 'bc214263' were found on LDAP
2015-01-23 13:48:07 Yalp: [YALP.authenticate] Authentication started
2015-01-23 13:48:07 Yalp: [YALP.authenticate] User 'bc210397' were found on LDAP
2015-01-23 15:48:57 Yalp: [YALP.authenticate] Authentication started
2015-01-23 15:48:57 Yalp: [YALP.authenticate] User 'bc212173' were found on LDAP
2015-01-23 16:04:57 Yalp: [YALP.authenticate] Authentication started
2015-01-23 16:04:57 Yalp: [YALP.authenticate] User 'bc20095' were found on LDAP
2015-01-23 20:35:22 Yalp: [YALP.authenticate] Authentication started
2015-01-23 20:35:22 Yalp: [YALP.authenticate] User 'bc211041' were found on LDAP
2015-01-26 09:04:16 Yalp: [YALP.authenticate] Authentication started
2015-01-26 09:04:17 Yalp: [YALP.authenticate] User 'bc213078' were found on LDAP
2015-01-26 09:16:45 Yalp: [YALP.authenticate] Authentication started
2015-01-26 09:16:46 Yalp: [YALP.authenticate] User 'bc214425' could not be find on LDAP
2015-01-26 09:16:55 Yalp: [YALP.authenticate] Authentication started
2015-01-26 09:16:55 Yalp: [YALP.authenticate] User 'bc214425' were found on LDAP
2015-01-26 09:54:37 Yalp: [YALP.authenticate] Authentication started
2015-01-26 09:54:37 Yalp: [YALP.authenticate] User 'bc212173' were found on LDAP
2015-01-26 10:13:58 Yalp: [YALP.authenticate] Authentication started
2015-01-26 10:13:58 Yalp: [YALP.authenticate] User 'bc211041' were found on LDAP
2015-01-26 11:04:28 Yalp: [YALP.authenticate] Authentication started
2015-01-26 11:04:28 Yalp: [YALP.authenticate] User 'bc213316' were found on LDAP
2015-01-26 15:40:03 Yalp: [YALP.authenticate] Authentication started
2015-01-26 15:40:03 Yalp: [YALP.authenticate] User 'bc20095' were found on LDAP
2015-01-26 16:27:29 Yalp: [YALP.authenticate] Authentication started
2015-01-26 16:27:29 Yalp: [YALP.authenticate] User 'bc20095' were found on LDAP
2015-01-26 16:29:27 Yalp: [YALP.authenticate] Authentication started
2015-01-26 16:29:27 Yalp: [YALP.authenticate] User 'bc211041' were found on LDAP
2015-01-26 18:16:51 Yalp: [YALP.authenticate] Authentication started
2015-01-26 18:16:51 Yalp: [YALP.authenticate] User 'bc210397' were found on LDAP
2015-01-27 09:27:24 Yalp: [YALP.authenticate] Authentication started
2015-01-27 09:27:24 Yalp: [YALP.authenticate] User 'bc214425' were found on LDAP
2015-01-27 09:42:07 Yalp: [YALP.authenticate] Authentication started
2015-01-27 09:42:07 Yalp: [YALP.authenticate] User 'bc212173' were found on LDAP
2015-01-27 09:56:56 Yalp: [YALP.authenticate] Authentication started
2015-01-27 09:56:56 Yalp: [YALP.authenticate] User 'bc210397' were found on LDAP
2015-01-27 10:17:29 Yalp: [YALP.authenticate] Authentication started
2015-01-27 10:17:29 Yalp: [YALP.authenticate] User 'bc28039' were found on LDAP
2015-01-27 14:14:46 Yalp: [YALP.authenticate] Authentication started
2015-01-27 14:14:46 Yalp: [YALP.authenticate] User 'bc213078' were found on LDAP
2015-01-27 14:17:44 Yalp: [YALP.authenticate] Authentication started
2015-01-27 14:17:44 Yalp: [YALP.authenticate] User 'bc214425' could not be find on LDAP
2015-01-27 14:17:52 Yalp: [YALP.authenticate] Authentication started
2015-01-27 14:17:52 Yalp: [YALP.authenticate] User 'bc214425' were found on LDAP
2015-01-27 15:28:28 Yalp: [YALP.authenticate] Authentication started
2015-01-27 15:28:28 Yalp: [YALP.authenticate] User 'bc214574' were found on LDAP
2015-01-27 15:41:44 Yalp: [YALP.authenticate] Authentication started
2015-01-27 15:41:44 Yalp: [YALP.authenticate] User 'bc214425' were found on LDAP
2015-01-27 15:49:12 Yalp: [YALP.authenticate] Authentication started
2015-01-27 15:49:12 Yalp: [YALP.authenticate] User 'bc28039' were found on LDAP
2015-01-27 15:54:51 Yalp: [YALP.authenticate] Authentication started
2015-01-27 15:54:51 Yalp: [YALP.authenticate] User 'bc28039' were found on LDAP
2015-01-27 16:25:15 Yalp: [YALP.authenticate] Authentication started
2015-01-27 16:25:15 Yalp: [YALP.authenticate] User 'bc214425' were found on LDAP
2015-01-27 17:34:42 Yalp: [YALP.authenticate] Authentication started
2015-01-27 17:34:42 Yalp: [YALP.authenticate] User 'bc212463' were found on LDAP
2015-01-27 17:36:04 Yalp: [YALP.authenticate] Authentication started
2015-01-27 17:36:04 Yalp: [YALP.authenticate] User 'bc212463' were found on LDAP
2015-01-28 01:08:03 Yalp: [YALP.authenticate] Authentication started
2015-01-28 01:08:03 Yalp: [YALP.authenticate] User 'bc213316' were found on LDAP
2015-01-28 16:03:06 Yalp: [YALP.authenticate] Authentication started
2015-01-28 16:03:06 Yalp: [YALP.authenticate] User 'bc213078' were found on LDAP
2015-01-28 20:42:06 Yalp: [YALP.authenticate] Authentication started
2015-01-28 20:42:06 Yalp: [YALP.authenticate] User 'bc211041' were found on LDAP
2015-01-29 16:42:29 Yalp: [YALP.authenticate] Authentication started
2015-01-29 16:42:29 Yalp: [YALP.authenticate] User 'bc214425' were found on LDAP
2015-01-29 17:01:10 Yalp: [YALP.authenticate] Authentication started
2015-01-29 17:01:10 Yalp: [YALP.authenticate] User 'bc214425' were found on LDAP
2015-01-30 09:42:49 Yalp: [YALP.authenticate] Authentication started
2015-01-30 09:42:49 Yalp: [YALP.authenticate] User 'bc212173' were found on LDAP
2015-01-30 09:51:23 Yalp: [YALP.authenticate] Authentication started
2015-01-30 09:51:23 Yalp: [YALP.authenticate] User 'bc214425' were found on LDAP
2015-01-30 09:51:25 Yalp: [YALP.authenticate] Authentication started
2015-01-30 09:51:25 Yalp: [YALP.authenticate] User 'bc214425' were found on LDAP
2015-01-30 15:47:01 Yalp: [YALP.authenticate] Authentication started
2015-01-30 15:47:01 Yalp: [YALP.authenticate] User 'bc211041' were found on LDAP
